move EXIT N57 3.305799
move N57 N47 0.6154869999999999
move N47 N25 0.37701300000000026
move N25 N32 2.104335
move N32 N31 2.739198000000001
move N31 N95 1.1241850000000007
move N95 S1 2.700749
load C3 S1 1.1381309999999996
move S1 N95 3.0738061601189983
move N95 N31 1.2794697982349987
move N31 N91 0.632298920229001
move N91 N9 6.925389421148999
move N9 S3 6.859258319393998
unload C3 S3 1.1381310000000013
move S3 N9 6.026774000000003
move N9 N91 6.084879000000001
move N91 N31 0.5555590000000024
move N31 N95 1.124184999999997
move N95 S1 2.700749000000002
load C2 S1 1.5239940000000018
move S1 N95 4.115925271506001
move N95 N31 1.7132511948899989
move N31 N32 4.1745213168119975
move N32 N25 3.2069939139900043
move N25 N47 0.5745655499219993
move N47 N57 0.9379984950780056
move N57 EXIT 5.038017841205999
71.79066420253001

